<?xml version="1.0" encoding="UTF-8"?>
<!-- Generated by org.testng.reporters.JUnitReportReporter -->
<testsuite hostname="ET-C02WQ0PUG8WN.local" failures="0" tests="3" name="selenium4features" time="13.696" errors="0" timestamp="2020-03-12T16:59:41 IST" skipped="2">
  <testcase classname="selenium4features" name="location" time="13.696"/>
  <testcase classname="selenium4features" name="newWindow">
    <skipped/>
  </testcase> <!-- newWindow -->
  <testcase classname="selenium4features" name="screenShotTest">
    <skipped/>
  </testcase> <!-- screenShotTest -->
</testsuite> <!-- selenium4features -->
