<?xml version="1.0" encoding="UTF-8"?>
<!-- Generated by org.testng.reporters.JUnitReportReporter -->
<testsuite hostname="ET-C02WQ0PUG8WN.local" failures="0" tests="3" name="test.takingScreenshots" time="35.349" errors="0" timestamp="2020-03-12T20:13:09 IST" skipped="2">
  <testcase classname="test.takingScreenshots" name="screenshotOfSpecificWebElement" time="35.349"/>
  <testcase classname="test.takingScreenshots" name="screenshotOfaPage">
    <skipped/>
  </testcase> <!-- screenshotOfaPage -->
  <testcase classname="test.takingScreenshots" name="screenshotOfSectionInaPage">
    <skipped/>
  </testcase> <!-- screenshotOfSectionInaPage -->
</testsuite> <!-- test.takingScreenshots -->
