<?xml version="1.0" encoding="UTF-8"?>
<!-- Generated by org.testng.reporters.JUnitReportReporter -->
<testsuite hostname="ET-C02WQ0PUG8WN.local" failures="0" tests="2" name="test.Relative_locators_friendlyLocators" time="0.115" errors="0" timestamp="2020-03-12T17:34:03 IST" skipped="0">
  <testcase classname="test.Relative_locators_friendlyLocators" name="testCase" time="0.073"/>
  <testcase classname="test.Relative_locators_friendlyLocators" name="testcase2" time="0.042"/>
</testsuite> <!-- test.Relative_locators_friendlyLocators -->
